<?xml version="1.0" encoding="UTF-8"?>
<!-- Generated by org.testng.reporters.JUnitReportReporter -->
<testsuite hostname="DESKTOP-BIPJ7KQ" failures="0" tests="3" name="vTiger.Practice.DataProviderPractice" time="0.020" errors="0" timestamp="2023-02-24T13:47:18 IST" skipped="0">
  <testcase classname="vTiger.Practice.DataProviderPractice" name="dataProviderPractice" time="0.003"/>
  <system-out/>
  <testcase classname="vTiger.Practice.DataProviderPractice" name="dataProviderPractice" time="0.013"/>
  <system-out/>
  <testcase classname="vTiger.Practice.DataProviderPractice" name="dataProviderPractice" time="0.004"/>
  <system-out/>
</testsuite> <!-- vTiger.Practice.DataProviderPractice -->
