<?xml version="1.0" encoding="UTF-8"?>
<!-- Generated by org.testng.reporters.JUnitReportReporter -->
<testsuite hostname="DESKTOP-BIPJ7KQ" failures="0" tests="4" name="vTiger.ContactsTests.CreateContactWithOrganizationTest" time="214.937" errors="0" timestamp="2023-02-25T14:56:42 IST" skipped="0">
  <testcase classname="vTiger.ContactsTests.CreateContactWithOrganizationTest" name="createContactWithOrg" time="93.110"/>
  <system-out>
    <![CDATA[navigate to organization
click on create org look up image
created organization withTCS79]]>
  </system-out>
  <testcase classname="vTiger.ContactsTests.CreateContactWithOrganizationTest" name="demoTest" time="14.259"/>
  <system-out/>
  <testcase classname="vTiger.ContactsTests.CreateContactWithOrganizationTest" name="createContactWithOrg" time="92.325"/>
  <system-out>
    <![CDATA[navigate to organization
click on create org look up image
created organization withTCS664]]>
  </system-out>
  <testcase classname="vTiger.ContactsTests.CreateContactWithOrganizationTest" name="demoTest" time="15.243"/>
  <system-out/>
</testsuite> <!-- vTiger.ContactsTests.CreateContactWithOrganizationTest -->
