<?xml version="1.0" encoding="UTF-8"?>
<!-- Generated by org.testng.reporters.JUnitReportReporter -->
<testsuite hostname="DESKTOP-BIPJ7KQ" failures="0" tests="2" name="vTiger.ContactsTests.CreateContactWithOrganizationTest" time="147.196" errors="0" timestamp="2023-03-02T16:14:49 IST" skipped="0">
  <testcase classname="vTiger.ContactsTests.CreateContactWithOrganizationTest" name="demoTest" time="81.950"/>
  <system-out/>
  <testcase classname="vTiger.ContactsTests.CreateContactWithOrganizationTest" name="createContactWithOrg" time="65.246"/>
  <system-out>
    <![CDATA[navigate to organization
click on create org look up image
created organization withTCS337]]>
  </system-out>
</testsuite> <!-- vTiger.ContactsTests.CreateContactWithOrganizationTest -->
