<?xml version="1.0" encoding="UTF-8"?>
<!-- Generated by org.testng.reporters.JUnitReportReporter -->
<testsuite hostname="DESKTOP-BIPJ7KQ" failures="0" tests="1" name="vTiger.Practice.CreateOrganizationPractice" time="193.455" errors="0" timestamp="2023-02-21T21:16:10 IST" skipped="0">
  <testcase classname="vTiger.Practice.CreateOrganizationPractice" name="createOrganizationPractice" time="193.455"/>
  <system-out/>
</testsuite> <!-- vTiger.Practice.CreateOrganizationPractice -->
