<?xml version="1.0" encoding="UTF-8"?>
<!-- Generated by org.testng.reporters.JUnitReportReporter -->
<testsuite hostname="DESKTOP-BIPJ7KQ" failures="0" tests="1" name="vTiger.Practice.ReadDataFromCMDLine" time="0.019" errors="0" timestamp="2023-03-02T14:04:33 IST" skipped="0">
  <testcase classname="vTiger.Practice.ReadDataFromCMDLine" name="ReadData" time="0.019"/>
  <system-out/>
</testsuite> <!-- vTiger.Practice.ReadDataFromCMDLine -->
