<?xml version="1.0" encoding="UTF-8"?>
<!-- Generated by org.testng.reporters.JUnitReportReporter -->
<testsuite hostname="DESKTOP-BIPJ7KQ" failures="0" tests="1" name="vTiger.ContactsTests.CreateContactWithOrganization" time="126.427" errors="0" timestamp="2023-02-21T22:58:55 IST" skipped="0">
  <testcase classname="vTiger.ContactsTests.CreateContactWithOrganization" name="createContactWithOrg" time="126.427"/>
  <system-out/>
</testsuite> <!-- vTiger.ContactsTests.CreateContactWithOrganization -->
