<?xml version="1.0" encoding="UTF-8"?>
<!-- Generated by org.testng.reporters.JUnitReportReporter -->
<testsuite hostname="DESKTOP-BIPJ7KQ" failures="0" tests="1" name="vTiger.OrganizationsTests.CreateOrganizationTest" time="49.882" errors="0" timestamp="2023-02-25T14:02:34 IST" skipped="0">
  <testcase classname="vTiger.OrganizationsTests.CreateOrganizationTest" name="createOrganizationTest" time="49.882"/>
  <system-out/>
</testsuite> <!-- vTiger.OrganizationsTests.CreateOrganizationTest -->
